<?xml version="1.0" encoding="UTF-8"?>
<!-- Generated by org.testng.reporters.JUnitXMLReporter -->
<testsuite hostname="Kaushik-PC" name="HRAExemptionTest" tests="6" failures="0" timestamp="30 Jul 2020 07:57:35 GMT" time="337.122" errors="0">
  <testcase name="testHRACalculation" time="18.79" classname="com.seleniumpagefactory.test.TestHRA"/>
  <testcase name="testHRAMessage" time="4.069" classname="com.seleniumpagefactory.test.TestHRA"/>
  <testcase name="testPdfDownload" time="19.918" classname="com.seleniumpagefactory.test.TestHRA"/>
  <testcase name="testHTMLTable" time="226.09" classname="com.seleniumpagefactory.test.TestHRA"/>
  <testcase name="testOpenPDF" time="19.64" classname="com.seleniumpagefactory.test.TestHRA"/>
  <testcase name="testHRAMessageAfterReset" time="6.164" classname="com.seleniumpagefactory.test.TestHRA"/>
</testsuite> <!-- HRAExemptionTest -->
