<?xml version="1.0" encoding="UTF-8"?>
<!-- Generated by org.testng.reporters.JUnitXMLReporter -->
<testsuite hostname="Kaushik-PC" name="HRAExemptionTest" tests="6" failures="0" timestamp="30 Jul 2020 09:24:08 GMT" time="337.137" errors="0">
  <testcase name="testHRACalculation" time="19.355" classname="com.seleniumpagefactory.test.TestHRA"/>
  <testcase name="testHRAMessage" time="4.117" classname="com.seleniumpagefactory.test.TestHRA"/>
  <testcase name="testPdfDownload" time="29.395" classname="com.seleniumpagefactory.test.TestHRA"/>
  <testcase name="testHTMLTable" time="226.856" classname="com.seleniumpagefactory.test.TestHRA"/>
  <testcase name="testOpenPDF" time="19.57" classname="com.seleniumpagefactory.test.TestHRA"/>
  <testcase name="testHRAMessageAfterReset" time="6.181" classname="com.seleniumpagefactory.test.TestHRA"/>
</testsuite> <!-- HRAExemptionTest -->
