<?xml version="1.0" encoding="UTF-8"?>
<!-- Generated by org.testng.reporters.JUnitXMLReporter -->
<testsuite hostname="Kaushik-PC" name="HRAExemptionTest" tests="6" failures="0" timestamp="14 Jul 2020 11:36:41 GMT" time="325.874" errors="0">
  <testcase name="testHRACalculation" time="19.024" classname="com.seleniumpagefactory.test.TestHRA"/>
  <testcase name="testHRAMessage" time="4.107" classname="com.seleniumpagefactory.test.TestHRA"/>
  <testcase name="testPdfDownload" time="19.816" classname="com.seleniumpagefactory.test.TestHRA"/>
  <testcase name="testHTMLTable" time="227.01" classname="com.seleniumpagefactory.test.TestHRA"/>
  <testcase name="testOpenPDF" time="19.159" classname="com.seleniumpagefactory.test.TestHRA"/>
  <testcase name="testHRAMessageAfterReset" time="6.167" classname="com.seleniumpagefactory.test.TestHRA"/>
</testsuite> <!-- HRAExemptionTest -->
